{"target": 0.30257542489299205, "params": {"max_depth": 69.15194503788922, "min_samples_leaf": 10.087414023517814, "min_samples_split": 12.067737997163633, "n_estimators": 1142.6792918568847}, "datetime": {"datetime": "2020-04-13 21:34:01", "elapsed": 0.0, "delta": 0.0}}
{"target": 0.2600153158828578, "params": {"max_depth": 127.99758081188035, "min_samples_leaf": 5.543703868674341, "min_samples_split": 8.358677868291224, "n_estimators": 1150.9360887675098}, "datetime": {"datetime": "2020-04-13 21:43:04", "elapsed": 543.179788, "delta": 543.179788}}
{"target": 0.3214541149802099, "params": {"max_depth": 145.81393536837052, "min_samples_leaf": 13.387124251647231, "min_samples_split": 10.229797209030933, "n_estimators": 1000.4975627617293}, "datetime": {"datetime": "2020-04-13 21:50:20", "elapsed": 978.880976, "delta": 435.701188}}
{"target": 0.30919061000682135, "params": {"max_depth": 118.34629351721362, "min_samples_leaf": 11.265126350777702, "min_samples_split": 10.515767360179083, "n_estimators": 1030.5980930328124}, "datetime": {"datetime": "2020-04-13 21:57:55", "elapsed": 1434.586766, "delta": 455.70579}}
{"target": 0.27003946674957335, "params": {"max_depth": 100.30831653078097, "min_samples_leaf": 2.178989844678869, "min_samples_split": 19.775012297084604, "n_estimators": 1191.3205953180582}, "datetime": {"datetime": "2020-04-13 22:07:19", "elapsed": 1997.933419, "delta": 563.346653}}
{"target": 0.3026422060105618, "params": {"max_depth": 86.48859839013723, "min_samples_leaf": 10.000150319635418, "min_samples_split": 3.7337685577884607, "n_estimators": 934.4120030009873}, "datetime": {"datetime": "2020-04-13 22:14:16", "elapsed": 2415.292632, "delta": 417.359213}}
{"target": 0.3025874725764882, "params": {"max_depth": 143.31401019825216, "min_samples_leaf": 10.467915861945507, "min_samples_split": 11.135659287701547, "n_estimators": 1144.3650714703726}, "datetime": {"datetime": "2020-04-13 22:22:46", "elapsed": 2925.424728, "delta": 510.132096}}
{"target": 0.2998302570371335, "params": {"max_depth": 81.68361221688713, "min_samples_leaf": 9.3852824841389, "min_samples_split": 21.989929959908192, "n_estimators": 968.0867119478397}, "datetime": {"datetime": "2020-04-13 22:30:00", "elapsed": 3358.883058, "delta": 433.45833}}
{"target": 0.27062706816621396, "params": {"max_depth": 130.2147642080159, "min_samples_leaf": 3.8689687186893393, "min_samples_split": 18.198002335721714, "n_estimators": 1102.2906540947863}, "datetime": {"datetime": "2020-04-13 22:38:36", "elapsed": 3875.66338, "delta": 516.780322}}
{"target": 0.32670417222201575, "params": {"max_depth": 71.87921056740886, "min_samples_leaf": 14.023279172002345, "min_samples_split": 12.169237374296063, "n_estimators": 1204.6579794862364}, "datetime": {"datetime": "2020-04-13 22:47:17", "elapsed": 4396.282965, "delta": 520.619585}}
{"target": 0.24889811974561576, "params": {"max_depth": 55.98092227798519, "min_samples_leaf": 4.395732089579577, "min_samples_split": 3.089171412434848, "n_estimators": 1087.4404717911652}, "datetime": {"datetime": "2020-04-13 22:55:58", "elapsed": 4916.85042, "delta": 520.567455}}
{"target": 0.28748016384932185, "params": {"max_depth": 109.46247799344488, "min_samples_leaf": 8.933032118983757, "min_samples_split": 2.9964534419804805, "n_estimators": 1030.716540031699}, "datetime": {"datetime": "2020-04-13 23:03:46", "elapsed": 5384.700852, "delta": 467.850432}}
{"target": 0.2875175383093215, "params": {"max_depth": 82.9668445620915, "min_samples_leaf": 8.538568830464039, "min_samples_split": 4.573569304211288, "n_estimators": 1053.5968531092421}, "datetime": {"datetime": "2020-04-13 23:11:44", "elapsed": 5862.911179, "delta": 478.210327}}
{"target": 0.26150133111849516, "params": {"max_depth": 106.59446430505314, "min_samples_leaf": 2.0879328058700364, "min_samples_split": 16.20115930249883, "n_estimators": 1206.0614432165771}, "datetime": {"datetime": "2020-04-13 23:21:19", "elapsed": 6437.912116, "delta": 575.000937}}
{"target": 0.3267690607332544, "params": {"max_depth": 129.05241330570334, "min_samples_leaf": 14.897059060448699, "min_samples_split": 24.05244052951593, "n_estimators": 1145.9820676458198}, "datetime": {"datetime": "2020-04-13 23:29:32", "elapsed": 6931.516356, "delta": 493.60424}}
{"target": 0.30265556019095213, "params": {"max_depth": 78.52509600245098, "min_samples_leaf": 10.123917168976844, "min_samples_split": 12.996157300425516, "n_estimators": 847.8375893329492}, "datetime": {"datetime": "2020-04-13 23:35:51", "elapsed": 7310.31366, "delta": 378.797304}}
{"target": 0.24940995328429266, "params": {"max_depth": 88.23174520315064, "min_samples_leaf": 2.7003579069010755, "min_samples_split": 12.387913389999758, "n_estimators": 1241.0023707609773}, "datetime": {"datetime": "2020-04-13 23:45:52", "elapsed": 7910.726843, "delta": 600.413183}}
{"target": 0.27069427304627935, "params": {"max_depth": 62.3942700486963, "min_samples_leaf": 3.5519516730412293, "min_samples_split": 18.986030291296977, "n_estimators": 1043.6518167319923}, "datetime": {"datetime": "2020-04-13 23:54:01", "elapsed": 8400.217827, "delta": 489.490984}}
{"target": 0.23929089541256768, "params": {"max_depth": 97.16325343203678, "min_samples_leaf": 3.392648623520262, "min_samples_split": 7.272027005594212, "n_estimators": 1199.9825974183377}, "datetime": {"datetime": "2020-04-14 00:03:43", "elapsed": 8982.562293, "delta": 582.344466}}
{"target": 0.2874861078555375, "params": {"max_depth": 91.67535378026932, "min_samples_leaf": 8.966071612911007, "min_samples_split": 2.142795881503976, "n_estimators": 900.3208528851505}, "datetime": {"datetime": "2020-04-14 00:10:32", "elapsed": 9391.669232, "delta": 409.106939}}
{"target": 0.32671171286288314, "params": {"max_depth": 50.89232297450748, "min_samples_leaf": 14.977461035599957, "min_samples_split": 21.023767554377777, "n_estimators": 752.1267524198624}, "datetime": {"datetime": "2020-04-14 00:15:58", "elapsed": 9716.899599, "delta": 325.230367}}
{"target": 0.3025874725764882, "params": {"max_depth": 125.9175863969293, "min_samples_leaf": 10.053715555575575, "min_samples_split": 20.927302716277318, "n_estimators": 1144.0140343381056}, "datetime": {"datetime": "2020-04-14 00:24:29", "elapsed": 10228.066072, "delta": 511.166473}}
{"target": 0.3267326254828074, "params": {"max_depth": 148.85817873715473, "min_samples_leaf": 14.775763716761773, "min_samples_split": 21.175973133437036, "n_estimators": 759.692152553494}, "datetime": {"datetime": "2020-04-14 00:29:57", "elapsed": 10555.845795, "delta": 327.779723}}
{"target": 0.3267478556711185, "params": {"max_depth": 147.17491628632746, "min_samples_leaf": 14.85779656995867, "min_samples_split": 24.785353982013547, "n_estimators": 757.9209366288252}, "datetime": {"datetime": "2020-04-14 00:35:24", "elapsed": 10883.08635, "delta": 327.240555}}
{"target": 0.3266945949875103, "params": {"max_depth": 57.58105574045788, "min_samples_leaf": 14.630659265448497, "min_samples_split": 24.67511856099336, "n_estimators": 1196.5784774718963}, "datetime": {"datetime": "2020-04-14 00:44:01", "elapsed": 11400.667239, "delta": 517.580889}}
{"target": 0.31542812625557226, "params": {"max_depth": 145.20235158351554, "min_samples_leaf": 12.380903658758452, "min_samples_split": 22.71183405994698, "n_estimators": 1244.132314827631}, "datetime": {"datetime": "2020-04-14 00:53:07", "elapsed": 11946.550884, "delta": 545.883645}}
{"target": 0.31532976882381464, "params": {"max_depth": 146.25583033059712, "min_samples_leaf": 12.17893273681356, "min_samples_split": 7.047579576140017, "n_estimators": 998.8670194168898}, "datetime": {"datetime": "2020-04-14 01:00:25", "elapsed": 12384.20847, "delta": 437.657586}}
{"target": 0.32669480804913686, "params": {"max_depth": 108.95881579882001, "min_samples_leaf": 14.274104215700548, "min_samples_split": 2.1410374548704145, "n_estimators": 750.0330667769952}, "datetime": {"datetime": "2020-04-14 01:05:49", "elapsed": 12708.038906, "delta": 323.830436}}
{"target": 0.32678965423054007, "params": {"max_depth": 50.074056680811296, "min_samples_leaf": 14.856166325873135, "min_samples_split": 3.96334220996377, "n_estimators": 916.7657518313197}, "datetime": {"datetime": "2020-04-14 01:12:25", "elapsed": 13103.976699, "delta": 395.937793}}
{"target": 0.32673956009202926, "params": {"max_depth": 95.6633249733213, "min_samples_leaf": 14.981725097142638, "min_samples_split": 23.990500759317477, "n_estimators": 1247.4869955172626}, "datetime": {"datetime": "2020-04-14 01:21:23", "elapsed": 13642.421854, "delta": 538.445155}}
{"target": 0.3267735356642484, "params": {"max_depth": 50.66764907988328, "min_samples_leaf": 14.809639966374569, "min_samples_split": 3.308421768960684, "n_estimators": 796.5540028207088}, "datetime": {"datetime": "2020-04-14 01:27:07", "elapsed": 13986.450929, "delta": 344.029075}}
{"target": 0.321520975020292, "params": {"max_depth": 149.37637980139272, "min_samples_leaf": 13.195163834437441, "min_samples_split": 22.55725471102909, "n_estimators": 1194.3553311558112}, "datetime": {"datetime": "2020-04-14 01:35:46", "elapsed": 14505.526328, "delta": 519.075399}}
{"target": 0.3268197857149585, "params": {"max_depth": 105.02946939010012, "min_samples_leaf": 14.907041709987475, "min_samples_split": 24.289696493443248, "n_estimators": 788.8772504251976}, "datetime": {"datetime": "2020-04-14 01:41:27", "elapsed": 14846.385082, "delta": 340.858754}}
{"target": 0.3267239993192118, "params": {"max_depth": 51.55337905838101, "min_samples_leaf": 14.576743936673484, "min_samples_split": 5.05116427536163, "n_estimators": 993.1639361944497}, "datetime": {"datetime": "2020-04-14 01:48:36", "elapsed": 15274.972877, "delta": 428.587795}}
{"target": 0.32668602064568164, "params": {"max_depth": 149.38765484664418, "min_samples_leaf": 14.431383742056632, "min_samples_split": 24.14138061172448, "n_estimators": 1055.5825986247123}, "datetime": {"datetime": "2020-04-14 01:56:12", "elapsed": 15730.940891, "delta": 455.968014}}
{"target": 0.32667724530639863, "params": {"max_depth": 70.31595235635457, "min_samples_leaf": 14.93023677053402, "min_samples_split": 22.636469242851177, "n_estimators": 1051.2058232851696}, "datetime": {"datetime": "2020-04-14 02:03:46", "elapsed": 16185.049965, "delta": 454.109074}}
{"target": 0.32670417222201575, "params": {"max_depth": 82.4489982972147, "min_samples_leaf": 14.954422541884725, "min_samples_split": 24.582393122803847, "n_estimators": 1204.7945212202474}, "datetime": {"datetime": "2020-04-14 02:12:26", "elapsed": 16705.659619, "delta": 520.609654}}
{"target": 0.3267035462127912, "params": {"max_depth": 50.584902271392195, "min_samples_leaf": 14.1531169042154, "min_samples_split": 2.083530758825694, "n_estimators": 1183.7586603875795}, "datetime": {"datetime": "2020-04-14 02:20:57", "elapsed": 17216.238825, "delta": 510.579206}}
{"target": 0.32674862413499145, "params": {"max_depth": 148.93451391491124, "min_samples_leaf": 14.575936656993724, "min_samples_split": 24.414314916849907, "n_estimators": 867.8299682411173}, "datetime": {"datetime": "2020-04-14 02:27:12", "elapsed": 17591.287449, "delta": 375.048624}}
{"target": 0.32673277029901393, "params": {"max_depth": 51.79065885686715, "min_samples_leaf": 14.859119315849805, "min_samples_split": 18.143578192688278, "n_estimators": 1244.8243271647539}, "datetime": {"datetime": "2020-04-14 02:36:09", "elapsed": 18128.32449, "delta": 537.037041}}
{"target": 0.32673594720315924, "params": {"max_depth": 149.1716198372561, "min_samples_leaf": 14.941450784512456, "min_samples_split": 20.030267288785804, "n_estimators": 951.5527114302625}, "datetime": {"datetime": "2020-04-14 02:43:00", "elapsed": 18539.060842, "delta": 410.736352}}
{"target": 0.3214100027861657, "params": {"max_depth": 149.07052039195167, "min_samples_leaf": 13.155469222612423, "min_samples_split": 3.741855363847309, "n_estimators": 817.7151148169223}, "datetime": {"datetime": "2020-04-14 02:48:55", "elapsed": 18894.556525, "delta": 355.495683}}
{"target": 0.3267836783712652, "params": {"max_depth": 53.24780713476308, "min_samples_leaf": 14.890414928113115, "min_samples_split": 22.868211710561337, "n_estimators": 810.8177212533662}, "datetime": {"datetime": "2020-04-14 02:54:45", "elapsed": 19244.304229, "delta": 349.747704}}
{"target": 0.32675588719283577, "params": {"max_depth": 146.71333618992725, "min_samples_leaf": 14.763896518791736, "min_samples_split": 24.07282942307333, "n_estimators": 1129.2570562397398}, "datetime": {"datetime": "2020-04-14 03:02:53", "elapsed": 19732.278278, "delta": 487.974049}}
{"target": 0.3267050170002216, "params": {"max_depth": 50.502637783330265, "min_samples_leaf": 14.893967571786739, "min_samples_split": 11.49724918653853, "n_estimators": 1214.64846354849}, "datetime": {"datetime": "2020-04-14 03:11:37", "elapsed": 20256.177338, "delta": 523.89906}}
{"target": 0.2752138731659689, "params": {"max_depth": 107.47591762058357, "min_samples_leaf": 2.0636102125016693, "min_samples_split": 21.021785729990956, "n_estimators": 754.6228265576376}, "datetime": {"datetime": "2020-04-14 03:17:32", "elapsed": 20610.988253, "delta": 354.810915}}
{"target": 0.32673594720315924, "params": {"max_depth": 51.226681499772084, "min_samples_leaf": 14.731562212264452, "min_samples_split": 16.495570415073267, "n_estimators": 951.58208839439}, "datetime": {"datetime": "2020-04-14 03:24:22", "elapsed": 21021.335166, "delta": 410.346913}}
{"target": 0.3268245937307942, "params": {"max_depth": 148.5316844957274, "min_samples_leaf": 14.615577580641542, "min_samples_split": 4.203290032048373, "n_estimators": 890.4238406082197}, "datetime": {"datetime": "2020-04-14 03:30:47", "elapsed": 21405.865114, "delta": 384.529948}}
{"target": 0.3266966737646918, "params": {"max_depth": 62.6677578404572, "min_samples_leaf": 14.938630097347051, "min_samples_split": 21.67790231558195, "n_estimators": 1176.6924417318637}, "datetime": {"datetime": "2020-04-14 03:39:15", "elapsed": 21913.873524, "delta": 508.00841}}
{"target": 0.32669102191167587, "params": {"max_depth": 149.79020538236608, "min_samples_leaf": 14.98751036363699, "min_samples_split": 11.53490769010799, "n_estimators": 1037.1740900925395}, "datetime": {"datetime": "2020-04-14 03:46:42", "elapsed": 22361.546715, "delta": 447.673191}}
{"target": 0.3267847366638303, "params": {"max_depth": 147.8329029881229, "min_samples_leaf": 14.726838835720384, "min_samples_split": 24.67845723282773, "n_estimators": 792.649590450903}, "datetime": {"datetime": "2020-04-14 03:52:25", "elapsed": 22704.152718, "delta": 342.606003}}
{"target": 0.3267329853732909, "params": {"max_depth": 108.00898617627078, "min_samples_leaf": 14.781547489438726, "min_samples_split": 23.127435237029317, "n_estimators": 1067.2511621055958}, "datetime": {"datetime": "2020-04-14 04:00:05", "elapsed": 23164.509093, "delta": 460.356375}}
{"target": 0.32668864387071256, "params": {"max_depth": 123.05519451078243, "min_samples_leaf": 14.990317164893325, "min_samples_split": 5.67583857670171, "n_estimators": 963.021146315704}, "datetime": {"datetime": "2020-04-14 04:07:02", "elapsed": 23580.696052, "delta": 416.186959}}
{"target": 0.326706862397492, "params": {"max_depth": 77.50663919059463, "min_samples_leaf": 14.935394489824464, "min_samples_split": 21.935622427693453, "n_estimators": 1018.8524143470395}, "datetime": {"datetime": "2020-04-14 04:14:22", "elapsed": 24021.080084, "delta": 440.384032}}
{"target": 0.32684926773961576, "params": {"max_depth": 76.99604091253505, "min_samples_leaf": 14.996013155464905, "min_samples_split": 3.126797782296342, "n_estimators": 780.6715187051201}, "datetime": {"datetime": "2020-04-14 04:19:59", "elapsed": 24358.024737, "delta": 336.944653}}
{"target": 0.3266989199621997, "params": {"max_depth": 51.35098506156606, "min_samples_leaf": 14.96832741130881, "min_samples_split": 22.43981579357315, "n_estimators": 860.6557155330565}, "datetime": {"datetime": "2020-04-14 04:26:11", "elapsed": 24729.894795, "delta": 371.870058}}
{"target": 0.3267782998017923, "params": {"max_depth": 136.42053163540405, "min_samples_leaf": 14.935352068824695, "min_samples_split": 16.333289209638473, "n_estimators": 838.9043591124125}, "datetime": {"datetime": "2020-04-14 04:32:14", "elapsed": 25092.909128, "delta": 363.014333}}
{"target": 0.32670577444043813, "params": {"max_depth": 146.22380301845834, "min_samples_leaf": 14.130187541331, "min_samples_split": 23.017969739820213, "n_estimators": 1163.5992045907415}, "datetime": {"datetime": "2020-04-14 04:40:36", "elapsed": 25595.563778, "delta": 502.65465}}
{"target": 0.3214501618483975, "params": {"max_depth": 50.31236838644929, "min_samples_leaf": 13.709047342297715, "min_samples_split": 3.1180556677492195, "n_estimators": 752.2107356000508}, "datetime": {"datetime": "2020-04-14 04:46:04", "elapsed": 25923.071443, "delta": 327.507665}}
